<?xml version="1.0" encoding="UTF-8"?>
<testng-results ignored="1" total="5" passed="3" failed="1" skipped="0">
  <reporter-output>
  </reporter-output>
  <suite started-at="2022-12-04T13:30:14 GMT" name="Suite" finished-at="2022-12-04T13:30:27 GMT" duration-ms="12684">
    <groups>
    </groups>
    <test started-at="2022-12-04T13:30:14 GMT" name="Test" finished-at="2022-12-04T13:30:27 GMT" duration-ms="12684">
      <class name="test.LoginTest">
        <test-method is-config="true" signature="loadBaseUrl(java.lang.reflect.Method)[pri:0, instance:test.LoginTest@79e2c065]" started-at="2022-12-04T13:30:18 GMT" name="loadBaseUrl" finished-at="2022-12-04T13:30:19 GMT" duration-ms="807" status="PASS">
          <params>
            <param index="0">
              <value>
                <![CDATA[public void test.LoginTest.loginTest(java.lang.String,java.lang.String) throws java.lang.InterruptedException]]>
              </value>
            </param>
          </params>
          <reporter-output>
          </reporter-output>
        </test-method> <!-- loadBaseUrl -->
        <test-method signature="loginTest(java.lang.String,java.lang.String)[pri:0, instance:test.LoginTest@79e2c065]" started-at="2022-12-04T13:30:19 GMT" name="loginTest" data-provider="tempTestData" finished-at="2022-12-04T13:30:24 GMT" duration-ms="4873" status="PASS">
          <params>
            <param index="0">
              <value>
                <![CDATA[techscoopbymiranda@gmail.com]]>
              </value>
            </param>
            <param index="1">
              <value>
                <![CDATA[tech1234]]>
              </value>
            </param>
          </params>
          <reporter-output>
          </reporter-output>
        </test-method> <!-- loginTest -->
        <test-method is-config="true" signature="screenshotAndDeleteCookies(org.testng.ITestResult)[pri:0, instance:test.LoginTest@79e2c065]" started-at="2022-12-04T13:30:24 GMT" name="screenshotAndDeleteCookies" finished-at="2022-12-04T13:30:25 GMT" duration-ms="1249" status="PASS">
          <params>
            <param index="0">
              <value>
                <![CDATA[[TestResult name=loginTest status=SUCCESS method=LoginTest.loginTest(java.lang.String,java.lang.String)[pri:0, instance:test.LoginTest@79e2c065] output={null}]]]>
              </value>
            </param>
          </params>
          <reporter-output>
          </reporter-output>
        </test-method> <!-- screenshotAndDeleteCookies -->
      </class> <!-- test.LoginTest -->
      <class name="test.IndexTest">
        <test-method is-config="true" signature="suiteSetup()[pri:0, instance:test.IndexTest@5c5eefef]" started-at="2022-12-04T13:30:11 GMT" name="suiteSetup" finished-at="2022-12-04T13:30:14 GMT" duration-ms="2876" status="PASS">
          <reporter-output>
          </reporter-output>
        </test-method> <!-- suiteSetup -->
        <test-method is-config="true" signature="loadBaseUrl(java.lang.reflect.Method)[pri:0, instance:test.IndexTest@5c5eefef]" started-at="2022-12-04T13:30:14 GMT" name="loadBaseUrl" finished-at="2022-12-04T13:30:16 GMT" duration-ms="1618" status="PASS">
          <params>
            <param index="0">
              <value>
                <![CDATA[public void test.IndexTest.logoTest()]]>
              </value>
            </param>
          </params>
          <reporter-output>
          </reporter-output>
        </test-method> <!-- loadBaseUrl -->
        <test-method signature="logoTest()[pri:0, instance:test.IndexTest@5c5eefef]" started-at="2022-12-04T13:30:16 GMT" name="logoTest" finished-at="2022-12-04T13:30:16 GMT" duration-ms="150" status="PASS">
          <reporter-output>
          </reporter-output>
        </test-method> <!-- logoTest -->
        <test-method is-config="true" signature="screenshotAndDeleteCookies(org.testng.ITestResult)[pri:0, instance:test.IndexTest@5c5eefef]" started-at="2022-12-04T13:30:16 GMT" name="screenshotAndDeleteCookies" finished-at="2022-12-04T13:30:16 GMT" duration-ms="58" status="PASS">
          <params>
            <param index="0">
              <value>
                <![CDATA[[TestResult name=logoTest status=SUCCESS method=IndexTest.logoTest()[pri:0, instance:test.IndexTest@5c5eefef] output={null}]]]>
              </value>
            </param>
          </params>
          <reporter-output>
          </reporter-output>
        </test-method> <!-- screenshotAndDeleteCookies -->
        <test-method is-config="true" signature="loadBaseUrl(java.lang.reflect.Method)[pri:0, instance:test.IndexTest@5c5eefef]" started-at="2022-12-04T13:30:16 GMT" name="loadBaseUrl" finished-at="2022-12-04T13:30:17 GMT" duration-ms="958" status="PASS">
          <params>
            <param index="0">
              <value>
                <![CDATA[public void test.IndexTest.titleTest()]]>
              </value>
            </param>
          </params>
          <reporter-output>
          </reporter-output>
        </test-method> <!-- loadBaseUrl -->
        <test-method signature="titleTest()[pri:0, instance:test.IndexTest@5c5eefef]" started-at="2022-12-04T13:30:17 GMT" name="titleTest" finished-at="2022-12-04T13:30:17 GMT" duration-ms="14" status="PASS">
          <reporter-output>
          </reporter-output>
        </test-method> <!-- titleTest -->
        <test-method is-config="true" signature="screenshotAndDeleteCookies(org.testng.ITestResult)[pri:0, instance:test.IndexTest@5c5eefef]" started-at="2022-12-04T13:30:17 GMT" name="screenshotAndDeleteCookies" finished-at="2022-12-04T13:30:17 GMT" duration-ms="44" status="PASS">
          <params>
            <param index="0">
              <value>
                <![CDATA[[TestResult name=titleTest status=SUCCESS method=IndexTest.titleTest()[pri:0, instance:test.IndexTest@5c5eefef] output={null}]]]>
              </value>
            </param>
          </params>
          <reporter-output>
          </reporter-output>
        </test-method> <!-- screenshotAndDeleteCookies -->
      </class> <!-- test.IndexTest -->
      <class name="test.HomeTest">
        <test-method signature="cartTest()[pri:0, instance:test.HomeTest@3a93b025]" started-at="2022-12-04T13:30:25 GMT" name="cartTest" finished-at="2022-12-04T13:30:27 GMT" duration-ms="2072" status="FAIL">
          <exception class="org.openqa.selenium.NoSuchElementException">
            <message>
              <![CDATA[Unable to find element with locator By.id: nav-cart-count-container
For documentation on this error, please visit: https://selenium.dev/exceptions/#no_such_element
Build info: version: '4.6.0', revision: '79f1c02ae20'
System info: os.name: 'Windows 11', os.arch: 'amd64', os.version: '10.0', java.version: '17.0.4'
Driver info: driver.version: RemoteWebDriver]]>
            </message>
            <full-stacktrace>
              <![CDATA[org.openqa.selenium.NoSuchElementException: Unable to find element with locator By.id: nav-cart-count-container
For documentation on this error, please visit: https://selenium.dev/exceptions/#no_such_element
Build info: version: '4.6.0', revision: '79f1c02ae20'
System info: os.name: 'Windows 11', os.arch: 'amd64', os.version: '10.0', java.version: '17.0.4'
Driver info: driver.version: RemoteWebDriver
at org.openqa.selenium.remote.ElementLocation$ElementFinder$2.findElement(ElementLocation.java:165)
at org.openqa.selenium.remote.ElementLocation.findElement(ElementLocation.java:60)
at org.openqa.selenium.remote.RemoteWebDriver.findElement(RemoteWebDriver.java:365)
at org.openqa.selenium.remote.RemoteWebDriver.findElement(RemoteWebDriver.java:357)
at org.openqa.selenium.support.pagefactory.DefaultElementLocator.findElement(DefaultElementLocator.java:70)
at org.openqa.selenium.support.pagefactory.internal.LocatingElementHandler.invoke(LocatingElementHandler.java:39)
at jdk.proxy2/jdk.proxy2.$Proxy18.isDisplayed(Unknown Source)
at pages.HomePage.validateCart(HomePage.java:26)
at test.HomeTest.cartTest(HomeTest.java:18)
at java.base/jdk.internal.reflect.NativeMethodAccessorImpl.invoke0(Native Method)
at java.base/jdk.internal.reflect.NativeMethodAccessorImpl.invoke(NativeMethodAccessorImpl.java:77)
at java.base/jdk.internal.reflect.DelegatingMethodAccessorImpl.invoke(DelegatingMethodAccessorImpl.java:43)
at java.base/java.lang.reflect.Method.invoke(Method.java:568)
at org.testng.internal.MethodInvocationHelper.invokeMethod(MethodInvocationHelper.java:133)
at org.testng.internal.TestInvoker.invokeMethod(TestInvoker.java:598)
at org.testng.internal.TestInvoker.invokeTestMethod(TestInvoker.java:173)
at org.testng.internal.MethodRunner.runInSequence(MethodRunner.java:46)
at org.testng.internal.TestInvoker$MethodInvocationAgent.invoke(TestInvoker.java:824)
at org.testng.internal.TestInvoker.invokeTestMethods(TestInvoker.java:146)
at org.testng.internal.TestMethodWorker.invokeTestMethods(TestMethodWorker.java:146)
at org.testng.internal.TestMethodWorker.run(TestMethodWorker.java:128)
at java.base/java.util.ArrayList.forEach(ArrayList.java:1511)
at org.testng.TestRunner.privateRun(TestRunner.java:794)
at org.testng.TestRunner.run(TestRunner.java:596)
at org.testng.SuiteRunner.runTest(SuiteRunner.java:377)
at org.testng.SuiteRunner.runSequentially(SuiteRunner.java:371)
at org.testng.SuiteRunner.privateRun(SuiteRunner.java:332)
at org.testng.SuiteRunner.run(SuiteRunner.java:276)
at org.testng.SuiteRunnerWorker.runSuite(SuiteRunnerWorker.java:53)
at org.testng.SuiteRunnerWorker.run(SuiteRunnerWorker.java:96)
at org.testng.TestNG.runSuitesSequentially(TestNG.java:1212)
at org.testng.TestNG.runSuitesLocally(TestNG.java:1134)
at org.testng.TestNG.runSuites(TestNG.java:1063)
at org.testng.TestNG.run(TestNG.java:1031)
at org.testng.remote.AbstractRemoteTestNG.run(AbstractRemoteTestNG.java:115)
at org.testng.remote.RemoteTestNG.initAndRun(RemoteTestNG.java:251)
at org.testng.remote.RemoteTestNG.main(RemoteTestNG.java:77)
]]>
            </full-stacktrace>
          </exception> <!-- org.openqa.selenium.NoSuchElementException -->
          <reporter-output>
          </reporter-output>
        </test-method> <!-- cartTest -->
      </class> <!-- test.HomeTest -->
    </test> <!-- Test -->
  </suite> <!-- Suite -->
</testng-results>
